This is XeTeX, Version 3.141592653-2.6-0.999993 (MiKTeX 21.6) (preloaded format=xelatex 2021.9.16)  17 SEP 2021 20:16
entering extended mode
**./codebook20pages.tex
(codebook20pages.tex
LaTeX2e <2021-06-01> patch level 1
L3 programming layer <2021-08-27>
(C:\Users\roony\AppData\Local\Programs\MiKTeX_1\tex/latex/base\article.cls
Document Class: article 2021/02/12 v1.4n Standard LaTeX document class
(C:\Users\roony\AppData\Local\Programs\MiKTeX_1\tex/latex/base\size10.clo
File: size10.clo 2021/02/12 v1.4n Standard LaTeX file (size option)
)
\c@part=\count178
\c@section=\count179
\c@subsection=\count180
\c@subsubsection=\count181
\c@paragraph=\count182
\c@subparagraph=\count183
\c@figure=\count184
\c@table=\count185
\abovecaptionskip=\skip47
\belowcaptionskip=\skip48
\bibindent=\dimen138
)
(C:\Users\roony\AppData\Local\Programs\MiKTeX_1\tex/latex/amscls\amsthm.sty
Package: amsthm 2020/05/29 v2.20.6
\thm@style=\toks16
\thm@bodyfont=\toks17
\thm@headfont=\toks18
\thm@notefont=\toks19
\thm@headpunct=\toks20
\thm@preskip=\skip49
\thm@postskip=\skip50
\thm@headsep=\skip51
\dth@everypar=\toks21
)
(C:\Users\roony\AppData\Local\Programs\MiKTeX_1\tex/latex/amsfonts\amssymb.sty
Package: amssymb 2013/01/14 v3.01 AMS font symbols

(C:\Users\roony\AppData\Local\Programs\MiKTeX_1\tex/latex/amsfonts\amsfonts.sty
Package: amsfonts 2013/01/14 v3.01 Basic AMSFonts support
\@emptytoks=\toks22
\symAMSa=\mathgroup4
\symAMSb=\mathgroup5
LaTeX Font Info:    Redeclaring math symbol \hbar on input line 98.
LaTeX Font Info:    Overwriting math alphabet `\mathfrak' in version `bold'
(Font)                  U/euf/m/n --> U/euf/b/n on input line 106.
))
(C:\Users\roony\AppData\Local\Programs\MiKTeX_1\tex/latex/fontspec\fontspec.sty

(C:\Users\roony\AppData\Local\Programs\MiKTeX_1\tex/latex/l3packages/xparse\xpa
rse.sty
(C:\Users\roony\AppData\Local\Programs\MiKTeX_1\tex/latex/l3kernel\expl3.sty
Package: expl3 2021-08-27 L3 programming layer (loader) 

(C:\Users\roony\AppData\Local\Programs\MiKTeX_1\tex/latex/l3backend\l3backend-x
etex.def
File: l3backend-xetex.def 2021-08-04 L3 backend support: XeTeX
 ()
\c__kernel_sys_dvipdfmx_version_int=\count186
\l__color_backend_stack_int=\count187
\g__color_backend_stack_int=\count188
\g__graphics_track_int=\count189
\l__pdf_internal_box=\box50
\g__pdf_backend_object_int=\count190
\g__pdf_backend_annotation_int=\count191
\g__pdf_backend_link_int=\count192
))
Package: xparse 2021-08-27 L3 Experimental document command parser
)
Package: fontspec 2020/02/21 v2.7i Font selection for XeLaTeX and LuaLaTeX

(C:\Users\roony\AppData\Local\Programs\MiKTeX_1\tex/latex/fontspec\fontspec-xet
ex.sty
Package: fontspec-xetex 2020/02/21 v2.7i Font selection for XeLaTeX and LuaLaTe
X
\l__fontspec_script_int=\count193
\l__fontspec_language_int=\count194
\l__fontspec_strnum_int=\count195
\l__fontspec_tmp_int=\count196
\l__fontspec_tmpa_int=\count197
\l__fontspec_tmpb_int=\count198
\l__fontspec_tmpc_int=\count199
\l__fontspec_em_int=\count266
\l__fontspec_emdef_int=\count267
\l__fontspec_strong_int=\count268
\l__fontspec_strongdef_int=\count269
\l__fontspec_tmpa_dim=\dimen139
\l__fontspec_tmpb_dim=\dimen140
\l__fontspec_tmpc_dim=\dimen141

(C:\Users\roony\AppData\Local\Programs\MiKTeX_1\tex/latex/base\fontenc.sty
Package: fontenc 2021/04/29 v2.0v Standard LaTeX package
)
(C:\Users\roony\AppData\Local\Programs\MiKTeX_1\tex/latex/fontspec\fontspec.cfg
)))
(C:\Users\roony\AppData\Local\Programs\MiKTeX_1\tex/latex/graphics\color.sty
Package: color 2020/02/24 v1.2b Standard LaTeX Color (DPC)

(C:\Users\roony\AppData\Local\Programs\MiKTeX_1\tex/latex/graphics-cfg\color.cf
g
File: color.cfg 2016/01/02 v1.6 sample color configuration
)
Package color Info: Driver file: xetex.def on input line 149.

(C:\Users\roony\AppData\Local\Programs\MiKTeX_1\tex/latex/graphics-def\xetex.de
f
File: xetex.def 2021/03/18 v5.0k Graphics/color driver for xetex
)) (C:\Users\roony\AppData\Local\Programs\MiKTeX_1\tex/latex/xcolor\xcolor.sty
Package: xcolor 2016/05/11 v2.12 LaTeX color extensions (UK)

(C:\Users\roony\AppData\Local\Programs\MiKTeX_1\tex/latex/graphics-cfg\color.cf
g
File: color.cfg 2016/01/02 v1.6 sample color configuration
)
Package xcolor Info: Driver file: xetex.def on input line 225.
LaTeX Info: Redefining \color on input line 709.
Package xcolor Info: Model `cmy' substituted by `cmy0' on input line 1348.
Package xcolor Info: Model `RGB' extended on input line 1364.
Package xcolor Info: Model `HTML' substituted by `rgb' on input line 1366.
Package xcolor Info: Model `Hsb' substituted by `hsb' on input line 1367.
Package xcolor Info: Model `tHsb' substituted by `hsb' on input line 1368.
Package xcolor Info: Model `HSB' substituted by `hsb' on input line 1369.
Package xcolor Info: Model `Gray' substituted by `gray' on input line 1370.
Package xcolor Info: Model `wave' substituted by `hsb' on input line 1371.
 (C:\Users\roony\AppData\Local\Programs\MiKTeX_1\tex/latex/xcolor\x11nam.def
File: x11nam.def 2016/05/11 v2.12 Predefined colors according to Unix/X11 (UK)
))
(C:\Users\roony\AppData\Local\Programs\MiKTeX_1\tex/latex/listings\listings.sty
(C:\Users\roony\AppData\Local\Programs\MiKTeX_1\tex/latex/graphics\keyval.sty
Package: keyval 2014/10/28 v1.15 key=value parser (DPC)
\KV@toks@=\toks23
)
\lst@mode=\count270
\lst@gtempboxa=\box51
\lst@token=\toks24
\lst@length=\count271
\lst@currlwidth=\dimen142
\lst@column=\count272
\lst@pos=\count273
\lst@lostspace=\dimen143
\lst@width=\dimen144
\lst@newlines=\count274
\lst@lineno=\count275
\lst@maxwidth=\dimen145

(C:\Users\roony\AppData\Local\Programs\MiKTeX_1\tex/latex/listings\lstmisc.sty
File: lstmisc.sty 2020/03/24 1.8d (Carsten Heinz)
\c@lstnumber=\count276
\lst@skipnumbers=\count277
\lst@framebox=\box52
)
(C:\Users\roony\AppData\Local\Programs\MiKTeX_1\tex/latex/listings\listings.cfg
File: listings.cfg 2020/03/24 1.8d listings configuration
))
Package: listings 2020/03/24 1.8d (Carsten Heinz)

(C:\Users\roony\AppData\Local\Programs\MiKTeX_1\tex/latex/fancyhdr\fancyhdr.sty
Package: fancyhdr 2021/01/28 v4.0.1 Extensive control of page headers and foote
rs
\f@nch@headwidth=\skip52
\f@nch@O@elh=\skip53
\f@nch@O@erh=\skip54
\f@nch@O@olh=\skip55
\f@nch@O@orh=\skip56
\f@nch@O@elf=\skip57
\f@nch@O@erf=\skip58
\f@nch@O@olf=\skip59
\f@nch@O@orf=\skip60
)
(C:\Users\roony\AppData\Local\Programs\MiKTeX_1\tex/latex/graphics\graphicx.sty
Package: graphicx 2020/12/05 v1.2c Enhanced LaTeX Graphics (DPC,SPQR)

(C:\Users\roony\AppData\Local\Programs\MiKTeX_1\tex/latex/graphics\graphics.sty
Package: graphics 2021/03/04 v1.4d Standard LaTeX Graphics (DPC,SPQR)
(C:\Users\roony\AppData\Local\Programs\MiKTeX_1\tex/latex/graphics\trig.sty
Package: trig 2016/01/03 v1.10 sin cos tan (DPC)
)
(C:\Users\roony\AppData\Local\Programs\MiKTeX_1\tex/latex/graphics-cfg\graphics
.cfg
File: graphics.cfg 2016/06/04 v1.11 sample graphics configuration
)
Package graphics Info: Driver file: xetex.def on input line 107.
)
\Gin@req@height=\dimen146
\Gin@req@width=\dimen147
)
(C:\Users\roony\AppData\Local\Programs\MiKTeX_1\tex/latex/tools\enumerate.sty
Package: enumerate 2015/07/23 v3.00 enumerate extensions (DPC)
\@enLab=\toks25
)
(C:\Users\roony\AppData\Local\Programs\MiKTeX_1\tex/latex/titlesec\titlesec.sty
Package: titlesec 2021/07/05 v2.14 Sectioning titles
\ttl@box=\box53
\beforetitleunit=\skip61
\aftertitleunit=\skip62
\ttl@plus=\dimen148
\ttl@minus=\dimen149
\ttl@toksa=\toks26
\titlewidth=\dimen150
\titlewidthlast=\dimen151
\titlewidthfirst=\dimen152
) (C:\Users\roony\AppData\Local\Programs\MiKTeX_1\tex/latex/amsmath\amsmath.sty
Package: amsmath 2021/04/20 v2.17j AMS math features
\@mathmargin=\skip63
For additional information on amsmath, use the `?' option.
(C:\Users\roony\AppData\Local\Programs\MiKTeX_1\tex/latex/amsmath\amstext.sty
Package: amstext 2000/06/29 v2.01 AMS text

(C:\Users\roony\AppData\Local\Programs\MiKTeX_1\tex/latex/amsmath\amsgen.sty
File: amsgen.sty 1999/11/30 v2.0 generic functions
\@emptytoks=\toks27
\ex@=\dimen153
))
(C:\Users\roony\AppData\Local\Programs\MiKTeX_1\tex/latex/amsmath\amsbsy.sty
Package: amsbsy 1999/11/29 v1.2d Bold Symbols
\pmbraise@=\dimen154
)
(C:\Users\roony\AppData\Local\Programs\MiKTeX_1\tex/latex/amsmath\amsopn.sty
Package: amsopn 2016/03/08 v2.02 operator names
)
\inf@bad=\count278
LaTeX Info: Redefining \frac on input line 234.
\uproot@=\count279
\leftroot@=\count280
LaTeX Info: Redefining \overline on input line 399.
\classnum@=\count281
\DOTSCASE@=\count282
LaTeX Info: Redefining \ldots on input line 496.
LaTeX Info: Redefining \dots on input line 499.
LaTeX Info: Redefining \cdots on input line 620.
\Mathstrutbox@=\box54
\strutbox@=\box55
\big@size=\dimen155
LaTeX Font Info:    Redeclaring font encoding OML on input line 743.
LaTeX Font Info:    Redeclaring font encoding OMS on input line 744.
\macc@depth=\count283
\c@MaxMatrixCols=\count284
\dotsspace@=\muskip16
\c@parentequation=\count285
\dspbrk@lvl=\count286
\tag@help=\toks28
\row@=\count287
\column@=\count288
\maxfields@=\count289
\andhelp@=\toks29
\eqnshift@=\dimen156
\alignsep@=\dimen157
\tagshift@=\dimen158
\tagwidth@=\dimen159
\totwidth@=\dimen160
\lineht@=\dimen161
\@envbody=\toks30
\multlinegap=\skip64
\multlinetaggap=\skip65
\mathdisplay@stack=\toks31
LaTeX Info: Redefining \[ on input line 2923.
LaTeX Info: Redefining \] on input line 2924.
)
(C:\Users\roony\AppData\Local\Programs\MiKTeX_1\tex/xelatex/xecjk\xeCJK.sty
Package: xeCJK 2021/06/20 v3.8.7 Typesetting CJK scripts with XeLaTeX

(C:\Users\roony\AppData\Local\Programs\MiKTeX_1\tex/latex/ctex\ctexhook.sty
Package: ctexhook 2021/06/20 v2.5.7 Document and package hooks (CTEX)
)
(C:\Users\roony\AppData\Local\Programs\MiKTeX_1\tex/latex/l3packages/l3keys2e\l
3keys2e.sty
Package: l3keys2e 2021-08-27 LaTeX2e option processing using LaTeX3 keys
)
(C:\Users\roony\AppData\Local\Programs\MiKTeX_1\tex/latex/l3packages/xtemplate\
xtemplate.sty
Package: xtemplate 2021-08-27 L3 Experimental prototype document functions
\l__xtemplate_tmp_dim=\dimen162
\l__xtemplate_tmp_int=\count290
\l__xtemplate_tmp_muskip=\muskip17
\l__xtemplate_tmp_skip=\skip66
)
\l__xeCJK_tmp_int=\count291
\l__xeCJK_tmp_box=\box56
\l__xeCJK_tmp_dim=\dimen163
\l__xeCJK_tmp_skip=\skip67
\g__xeCJK_space_factor_int=\count292
\l__xeCJK_begin_int=\count293
\l__xeCJK_end_int=\count294
\c__xeCJK_CJK_class_int=\XeTeXcharclass1
\c__xeCJK_FullLeft_class_int=\XeTeXcharclass2
\c__xeCJK_FullRight_class_int=\XeTeXcharclass3
\c__xeCJK_HalfLeft_class_int=\XeTeXcharclass4
\c__xeCJK_HalfRight_class_int=\XeTeXcharclass5
\c__xeCJK_NormalSpace_class_int=\XeTeXcharclass6
\c__xeCJK_CM_class_int=\XeTeXcharclass7
\c__xeCJK_HangulJamo_class_int=\XeTeXcharclass8
\l__xeCJK_last_skip=\skip68
\g__xeCJK_node_int=\count295
\c__xeCJK_CJK_node_dim=\dimen164
\c__xeCJK_CJK-space_node_dim=\dimen165
\c__xeCJK_default_node_dim=\dimen166
\c__xeCJK_default-space_node_dim=\dimen167
\c__xeCJK_CJK-widow_node_dim=\dimen168
\c__xeCJK_normalspace_node_dim=\dimen169
\l__xeCJK_ccglue_skip=\skip69
\l__xeCJK_ecglue_skip=\skip70
\l__xeCJK_punct_kern_skip=\skip71
\l__xeCJK_last_penalty_int=\count296
\l__xeCJK_last_bound_dim=\dimen170
\l__xeCJK_last_kern_dim=\dimen171
\l__xeCJK_widow_penalty_int=\count297

Package xtemplate Info: Declaring object type 'xeCJK/punctuation' taking 0
(xtemplate)             argument(s) on line 2335.

\l__xeCJK_fixed_punct_width_dim=\dimen172
\l__xeCJK_mixed_punct_width_dim=\dimen173
\l__xeCJK_middle_punct_width_dim=\dimen174
\l__xeCJK_fixed_margin_width_dim=\dimen175
\l__xeCJK_mixed_margin_width_dim=\dimen176
\l__xeCJK_middle_margin_width_dim=\dimen177
\l__xeCJK_bound_punct_width_dim=\dimen178
\l__xeCJK_bound_margin_width_dim=\dimen179
\l__xeCJK_margin_minimum_dim=\dimen180
\l__xeCJK_kerning_total_width_dim=\dimen181
\l__xeCJK_same_align_margin_dim=\dimen182
\l__xeCJK_different_align_margin_dim=\dimen183
\l__xeCJK_kerning_margin_width_dim=\dimen184
\l__xeCJK_kerning_margin_minimum_dim=\dimen185
\l__xeCJK_bound_dim=\dimen186
\l__xeCJK_reverse_bound_dim=\dimen187
\l__xeCJK_margin_dim=\dimen188
\l__xeCJK_minimum_bound_dim=\dimen189
\l__xeCJK_kerning_margin_dim=\dimen190
\g__xeCJK_family_int=\count298
\l__xeCJK_fam_int=\count299
\g__xeCJK_fam_allocation_int=\count300
\l__xeCJK_verb_case_int=\count301
\l__xeCJK_verb_exspace_skip=\skip72

(C:\Users\roony\AppData\Local\Programs\MiKTeX_1\tex/xelatex/xecjk\xeCJK-listing
s.sty
Package: xeCJK-listings 2021/06/20 v3.8.7 xeCJK patch file for listings
\l__xeCJK_listings_max_char_int=\count302
\l__xeCJK_listings_flag_int=\count303
)
(C:\Users\roony\AppData\Local\Programs\MiKTeX_1\tex/xelatex/xecjk\xeCJK.cfg
File: xeCJK.cfg 2021/06/20 v3.8.7 Configuration file for xeCJK package
))
(C:\Users\roony\AppData\Local\Programs\MiKTeX_1\tex/latex/psnfss\courier.sty
Package: courier 2020/03/25 PSNFSS-v9.3 (WaS) 
)

Package fontspec Info: Font family 'Consolas(0)' created for font 'Consolas'
(fontspec)             with options [Ligatures=TeX].
(fontspec)              
(fontspec)              This font family consists of the following NFSS
(fontspec)             series/shapes:
(fontspec)              
(fontspec)             - 'normal' (m/n) with NFSS spec.:
(fontspec)             <->"Consolas/OT:script=latn;language=dflt;mapping=tex-te
xt;"
(fontspec)             - 'small caps'  (m/sc) with NFSS spec.: 
(fontspec)             - 'bold' (b/n) with NFSS spec.:
(fontspec)             <->"Consolas/B/OT:script=latn;language=dflt;mapping=tex-
text;"
(fontspec)             - 'bold small caps'  (b/sc) with NFSS spec.: 
(fontspec)             - 'italic' (m/it) with NFSS spec.:
(fontspec)             <->"Consolas/I/OT:script=latn;language=dflt;mapping=tex-
text;"
(fontspec)             - 'italic small caps'  (m/scit) with NFSS spec.: 
(fontspec)             - 'bold italic' (b/it) with NFSS spec.:
(fontspec)             <->"Consolas/BI/OT:script=latn;language=dflt;mapping=tex
-text;"
(fontspec)             - 'bold italic small caps'  (b/scit) with NFSS spec.: 


Package fontspec Info: Could not resolve font "Monaco/BI" (it probably doesn't
(fontspec)             exist).


Package fontspec Info: Could not resolve font "Monaco/B" (it probably doesn't
(fontspec)             exist).


Package fontspec Info: Could not resolve font "Monaco/I" (it probably doesn't
(fontspec)             exist).


Package fontspec Info: Font family 'Monaco(0)' created for font 'Monaco' with
(fontspec)             options
(fontspec)             [WordSpace={1,0,0},HyphenChar=None,PunctuationSpace=Word
Space].
(fontspec)              
(fontspec)              This font family consists of the following NFSS
(fontspec)             series/shapes:
(fontspec)              
(fontspec)             - 'normal' (m/n) with NFSS spec.:
(fontspec)             <->"Monaco/OT:language=dflt;"
(fontspec)             - 'small caps'  (m/sc) with NFSS spec.: 
(fontspec)             and font adjustment code:
(fontspec)             \fontdimen 2\font =1\fontdimen 2\font \fontdimen 3\font
(fontspec)             =0\fontdimen 3\font \fontdimen 4\font =0\fontdimen
(fontspec)             4\font \fontdimen 7\font =0\fontdimen 2\font
(fontspec)             \tex_hyphenchar:D \font =-1\scan_stop: 



! Package fontspec Error: The font "Noto Sans CJK TC" cannot be found.

For immediate help type H <return>.
 ...                                              
                                                  
l.47 \XeTeXlinebreaklocale
                           "zh"^^I^^I^^I^^I^^I^^I%中文自動換行

A font might not be found for many reasons.
 Check the spelling, where the font is installed etc. etc.

 When in doubt, ask someone for help!



Package fontspec Warning: Font "Noto Sans CJK TC" does not contain requested
(fontspec)                Script "CJK".


Package fontspec Info: Could not resolve font "Noto Sans CJK TC/BI" (it
(fontspec)             probably doesn't exist).


Package fontspec Info: Could not resolve font "Noto Sans CJK TC/B" (it
(fontspec)             probably doesn't exist).


Package fontspec Info: Could not resolve font "Noto Sans CJK TC/I" (it
(fontspec)             probably doesn't exist).


! Package fontspec Error: The font "Noto Sans CJK TC" cannot be found.

For immediate help type H <return>.
 ...                                              
                                                  
l.47 \XeTeXlinebreaklocale
                           "zh"^^I^^I^^I^^I^^I^^I%中文自動換行

A font might not be found for many reasons.
 Check the spelling, where the font is installed etc. etc.

 When in doubt, ask someone for help!



! Package fontspec Error: The font "Noto Sans CJK TC" cannot be found.

For immediate help type H <return>.
 ...                                              
                                                  
l.47 \XeTeXlinebreaklocale
                           "zh"^^I^^I^^I^^I^^I^^I%中文自動換行

A font might not be found for many reasons.
 Check the spelling, where the font is installed etc. etc.

 When in doubt, ask someone for help!



Package fontspec Info: Font family 'NotoSansCJKTC(0)' created for font 'Noto
(fontspec)             Sans CJK TC' with options [Script={CJK}].
(fontspec)              
(fontspec)              This font family consists of the following NFSS
(fontspec)             series/shapes:
(fontspec)              
(fontspec)             - 'normal' (m/n) with NFSS spec.: <->"Noto Sans CJK
(fontspec)             TC/OT"
(fontspec)             - 'small caps'  (m/sc) with NFSS spec.: <->"Noto Sans
(fontspec)             CJK TC/OT"


(C:\Users\roony\AppData\Local\Programs\MiKTeX_1\tex/latex/listings\lstlang1.sty
File: lstlang1.sty 2020/03/24 1.8d listings language file
)
(C:\Users\roony\AppData\Local\Programs\MiKTeX_1\tex/latex/listings\lstlang1.sty
File: lstlang1.sty 2020/03/24 1.8d listings language file
)
(C:\Users\roony\AppData\Local\Programs\MiKTeX_1\tex/latex/listings\lstmisc.sty
File: lstmisc.sty 2020/03/24 1.8d (Carsten Heinz)
)
\symCJKmath=\mathgroup255
No file codebook20pages.aux.
\openout1 = `codebook20pages.aux'.

LaTeX Font Info:    Checking defaults for OML/cmm/m/it on input line 81.
LaTeX Font Info:    ... okay on input line 81.
LaTeX Font Info:    Checking defaults for OMS/cmsy/m/n on input line 81.
LaTeX Font Info:    ... okay on input line 81.
LaTeX Font Info:    Checking defaults for OT1/cmr/m/n on input line 81.
LaTeX Font Info:    ... okay on input line 81.
LaTeX Font Info:    Checking defaults for T1/cmr/m/n on input line 81.
LaTeX Font Info:    ... okay on input line 81.
LaTeX Font Info:    Checking defaults for TS1/cmr/m/n on input line 81.
LaTeX Font Info:    Trying to load font information for TS1+cmr on input line 8
1.
(C:\Users\roony\AppData\Local\Programs\MiKTeX_1\tex/latex/base\ts1cmr.fd
File: ts1cmr.fd 2019/12/16 v2.5j Standard LaTeX font definitions
)
LaTeX Font Info:    ... okay on input line 81.
LaTeX Font Info:    Checking defaults for TU/lmr/m/n on input line 81.
LaTeX Font Info:    ... okay on input line 81.
LaTeX Font Info:    Checking defaults for OMX/cmex/m/n on input line 81.
LaTeX Font Info:    ... okay on input line 81.
LaTeX Font Info:    Checking defaults for U/cmr/m/n on input line 81.
LaTeX Font Info:    ... okay on input line 81.

Package fontspec Info: Adjusting the maths setup (use [no-math] to avoid
(fontspec)             this).

\symlegacymaths=\mathgroup6
LaTeX Font Info:    Overwriting symbol font `legacymaths' in version `bold'
(Font)                  OT1/cmr/m/n --> OT1/cmr/bx/n on input line 81.
LaTeX Font Info:    Redeclaring math accent \acute on input line 81.
LaTeX Font Info:    Redeclaring math accent \grave on input line 81.
LaTeX Font Info:    Redeclaring math accent \ddot on input line 81.
LaTeX Font Info:    Redeclaring math accent \tilde on input line 81.
LaTeX Font Info:    Redeclaring math accent \bar on input line 81.
LaTeX Font Info:    Redeclaring math accent \breve on input line 81.
LaTeX Font Info:    Redeclaring math accent \check on input line 81.
LaTeX Font Info:    Redeclaring math accent \hat on input line 81.
LaTeX Font Info:    Redeclaring math accent \dot on input line 81.
LaTeX Font Info:    Redeclaring math accent \mathring on input line 81.
LaTeX Font Info:    Redeclaring math symbol \Gamma on input line 81.
LaTeX Font Info:    Redeclaring math symbol \Delta on input line 81.
LaTeX Font Info:    Redeclaring math symbol \Theta on input line 81.
LaTeX Font Info:    Redeclaring math symbol \Lambda on input line 81.
LaTeX Font Info:    Redeclaring math symbol \Xi on input line 81.
LaTeX Font Info:    Redeclaring math symbol \Pi on input line 81.
LaTeX Font Info:    Redeclaring math symbol \Sigma on input line 81.
LaTeX Font Info:    Redeclaring math symbol \Upsilon on input line 81.
LaTeX Font Info:    Redeclaring math symbol \Phi on input line 81.
LaTeX Font Info:    Redeclaring math symbol \Psi on input line 81.
LaTeX Font Info:    Redeclaring math symbol \Omega on input line 81.
LaTeX Font Info:    Redeclaring math symbol \mathdollar on input line 81.
LaTeX Font Info:    Redeclaring symbol font `operators' on input line 81.
LaTeX Font Info:    Encoding `OT1' has changed to `TU' for symbol font
(Font)              `operators' in the math version `normal' on input line 81.
LaTeX Font Info:    Overwriting symbol font `operators' in version `normal'
(Font)                  OT1/cmr/m/n --> TU/Consolas(0)/m/n on input line 81.
LaTeX Font Info:    Encoding `OT1' has changed to `TU' for symbol font
(Font)              `operators' in the math version `bold' on input line 81.
LaTeX Font Info:    Overwriting symbol font `operators' in version `bold'
(Font)                  OT1/cmr/bx/n --> TU/Consolas(0)/m/n on input line 81.
LaTeX Font Info:    Overwriting symbol font `operators' in version `normal'
(Font)                  TU/Consolas(0)/m/n --> TU/Consolas(0)/m/n on input line
 81.
LaTeX Font Info:    Overwriting math alphabet `\mathit' in version `normal'
(Font)                  OT1/cmr/m/it --> TU/Consolas(0)/m/it on input line 81.
LaTeX Font Info:    Overwriting math alphabet `\mathbf' in version `normal'
(Font)                  OT1/cmr/bx/n --> TU/Consolas(0)/b/n on input line 81.
LaTeX Font Info:    Overwriting math alphabet `\mathsf' in version `normal'
(Font)                  OT1/cmss/m/n --> TU/lmss/m/n on input line 81.
LaTeX Font Info:    Overwriting math alphabet `\mathtt' in version `normal'
(Font)                  OT1/cmtt/m/n --> TU/Monaco(0)/m/n on input line 81.
LaTeX Font Info:    Overwriting symbol font `operators' in version `bold'
(Font)                  TU/Consolas(0)/m/n --> TU/Consolas(0)/b/n on input line
 81.
LaTeX Font Info:    Overwriting math alphabet `\mathit' in version `bold'
(Font)                  OT1/cmr/bx/it --> TU/Consolas(0)/b/it on input line 81.

LaTeX Font Info:    Overwriting math alphabet `\mathsf' in version `bold'
(Font)                  OT1/cmss/bx/n --> TU/lmss/b/n on input line 81.
LaTeX Font Info:    Overwriting math alphabet `\mathtt' in version `bold'
(Font)                  OT1/cmtt/m/n --> TU/Monaco(0)/b/n on input line 81.
\c@lstlisting=\count304

No file codebook20pages.toc.
\tf@toc=\write3
\openout3 = `codebook20pages.toc'.


Package xeCJK Warning: Unknown CJK family `\CJKttdefault' is being ignored.
(xeCJK)                
(xeCJK)                Try to use `\setCJKmonofont[...]{...}' to define it.

(basic/IncStack.cpp

LaTeX Font Warning: Font shape `TU/Monaco(0)/m/it' undefined
(Font)              using `TU/Monaco(0)/m/n' instead on input line 1.


LaTeX Font Warning: Font shape `TU/Monaco(0)/b/n' undefined
(Font)              using `TU/Monaco(0)/m/n' instead on input line 2.

) (basic/misc.cpp
! Font TU/NotoSansCJKTC(0)/m/n/8="Noto Sans CJK TC/OT" at 8.0pt not loadable: M
etric (TFM) file or installed font not found.
<to be read again> 
                   relax 
l.1 編譯
      參數：-std=c++14 -Wall -Wshadow (-fsanitize=undefined)
I wasn't able to read the size data for this font,
so I will ignore the font specification.
[Wizards can fix TFM files using TFtoPL/PLtoTF.]
You might try inserting a different font spec;
e.g., type `I\font<same font id>=<substitute font name>'.

Missing character: There is no 編 in font Monaco/OT:language=dflt;!
Missing character: There is no 譯 in font Monaco/OT:language=dflt;!
Missing character: There is no 參 in font Monaco/OT:language=dflt;!
Missing character: There is no 數 in font Monaco/OT:language=dflt;!
Missing character: There is no ： in font Monaco/OT:language=dflt;!

LaTeX Font Warning: Font shape `TU/NotoSansCJKTC(0)/m/it' undefined
(Font)              using `TU/NotoSansCJKTC(0)/m/n' instead on input line 18.

Missing character: There is no 換 in font Monaco/OT:language=dflt;!
! Font TU/NotoSansCJKTC(0)/m/it/8="Noto Sans CJK TC/OT" at 8.0pt not loadable: 
Metric (TFM) file or installed font not found.
<to be read again> 
                   relax 
l.18 __builtin_popcountll    //換成二
                                  進位有幾個1
I wasn't able to read the size data for this font,
so I will ignore the font specification.
[Wizards can fix TFM files using TFtoPL/PLtoTF.]
You might try inserting a different font spec;
e.g., type `I\font<same font id>=<substitute font name>'.

Missing character: There is no 成 in font Monaco/OT:language=dflt;!
Missing character: There is no 二 in font Monaco/OT:language=dflt;!
Missing character: There is no 進 in font Monaco/OT:language=dflt;!
Missing character: There is no 位 in font Monaco/OT:language=dflt;!
Missing character: There is no 有 in font Monaco/OT:language=dflt;!
Missing character: There is no 幾 in font Monaco/OT:language=dflt;!
Missing character: There is no 個 in font Monaco/OT:language=dflt;!
Missing character: There is no 返 in font Monaco/OT:language=dflt;!
Missing character: There is no 回 in font Monaco/OT:language=dflt;!
Missing character: There is no 左 in font Monaco/OT:language=dflt;!
Missing character: There is no 起 in font Monaco/OT:language=dflt;!
Missing character: There is no 第 in font Monaco/OT:language=dflt;!
Missing character: There is no 一 in font Monaco/OT:language=dflt;!
Missing character: There is no 個 in font Monaco/OT:language=dflt;!
Missing character: There is no 之 in font Monaco/OT:language=dflt;!
Missing character: There is no 前 in font Monaco/OT:language=dflt;!
Missing character: There is no 的 in font Monaco/OT:language=dflt;!
Missing character: There is no 個 in font Monaco/OT:language=dflt;!
Missing character: There is no 數 in font Monaco/OT:language=dflt;!
Missing character: There is no 返 in font Monaco/OT:language=dflt;!
Missing character: There is no 回 in font Monaco/OT:language=dflt;!
Missing character: There is no 的 in font Monaco/OT:language=dflt;!
Missing character: There is no 個 in font Monaco/OT:language=dflt;!
Missing character: There is no 數 in font Monaco/OT:language=dflt;!
Missing character: There is no 的 in font Monaco/OT:language=dflt;!
Missing character: There is no 奇 in font Monaco/OT:language=dflt;!
Missing character: There is no 偶 in font Monaco/OT:language=dflt;!
Missing character: There is no 性 in font Monaco/OT:language=dflt;!
Missing character: There is no 回 in font Monaco/OT:language=dflt;!
Missing character: There is no 傳 in font Monaco/OT:language=dflt;!
Missing character: There is no 是 in font Monaco/OT:language=dflt;!
Missing character: There is no 否 in font Monaco/OT:language=dflt;!
Missing character: There is no 溢 in font Monaco/OT:language=dflt;!
Missing character: There is no 位 in font Monaco/OT:language=dflt;!
) (basic/run.sh) (basic/python_trick.py) (flow/MinCostFlow.cpp)
(flow/dinic_BCW.cpp

Package fancyhdr Warning: \footskip is too small (0.0pt): 
(fancyhdr)                Make it at least 3.60004pt, for example:
(fancyhdr)                \setlength{\footskip}{3.60004pt}.

[1

])

LaTeX Font Warning: Font shape `TU/NotoSansCJKTC(0)/b/n' undefined
(Font)              using `TU/NotoSansCJKTC(0)/m/n' instead on input line 135.

! Font TU/NotoSansCJKTC(0)/m/n/12="Noto Sans CJK TC/OT" at 12.0pt not loadable:
 Metric (TFM) file or installed font not found.
<to be read again> 
                   relax 
l.135 \subsection{Kuhn Munkres 最大完美二分匹配}
                                        
I wasn't able to read the size data for this font,
so I will ignore the font specification.
[Wizards can fix TFM files using TFtoPL/PLtoTF.]
You might try inserting a different font spec;
e.g., type `I\font<same font id>=<substitute font name>'.

Missing character: There is no 最 in font Consolas Bold/OT:script=latn;language=
dflt;mapping=tex-text;!
Missing character: There is no 大 in font Consolas Bold/OT:script=latn;language=
dflt;mapping=tex-text;!
Missing character: There is no 完 in font Consolas Bold/OT:script=latn;language=
dflt;mapping=tex-text;!
Missing character: There is no 美 in font Consolas Bold/OT:script=latn;language=
dflt;mapping=tex-text;!
Missing character: There is no 二 in font Consolas Bold/OT:script=latn;language=
dflt;mapping=tex-text;!
Missing character: There is no 分 in font Consolas Bold/OT:script=latn;language=
dflt;mapping=tex-text;!
Missing character: There is no 匹 in font Consolas Bold/OT:script=latn;language=
dflt;mapping=tex-text;!
Missing character: There is no 配 in font Consolas Bold/OT:script=latn;language=
dflt;mapping=tex-text;!
(flow/KM2.cpp) (flow/BoundedMaxflow.cpp
Missing character: There is no 下 in font Monaco/OT:language=dflt;!
Missing character: There is no 界 in font Monaco/OT:language=dflt;!
Missing character: There is no 上 in font Monaco/OT:language=dflt;!
Missing character: There is no 界 in font Monaco/OT:language=dflt;!
Missing character: There is no 為 in font Monaco/OT:language=dflt;!
Missing character: There is no 點 in font Monaco/OT:language=dflt;!
Missing character: There is no 的 in font Monaco/OT:language=dflt;!
Missing character: There is no 數 in font Monaco/OT:language=dflt;!
Missing character: There is no 量 in font Monaco/OT:language=dflt;!
Missing character: There is no 為 in font Monaco/OT:language=dflt;!
Missing character: There is no 邊 in font Monaco/OT:language=dflt;!
Missing character: There is no 的 in font Monaco/OT:language=dflt;!
Missing character: There is no 數 in font Monaco/OT:language=dflt;!
Missing character: There is no 量 in font Monaco/OT:language=dflt;!
Missing character: There is no 點 in font Monaco/OT:language=dflt;!
Missing character: There is no 是 in font Monaco/OT:language=dflt;!
) (flow/FlowMethod.txt
Missing character: There is no 找 in font Monaco/OT:language=dflt;!
Missing character: There is no 出 in font Monaco/OT:language=dflt;!
Missing character: There is no 最 in font Monaco/OT:language=dflt;!
Missing character: There is no 小 in font Monaco/OT:language=dflt;!
Missing character: There is no 點 in font Monaco/OT:language=dflt;!
Missing character: There is no 覆 in font Monaco/OT:language=dflt;!
Missing character: There is no 蓋 in font Monaco/OT:language=dflt;!
Missing character: There is no ， in font Monaco/OT:language=dflt;!
Missing character: There is no 做 in font Monaco/OT:language=dflt;!
Missing character: There is no 完 in font Monaco/OT:language=dflt;!
Missing character: There is no 之 in font Monaco/OT:language=dflt;!
Missing character: There is no 後 in font Monaco/OT:language=dflt;!
Missing character: There is no ， in font Monaco/OT:language=dflt;!
Missing character: There is no 從 in font Monaco/OT:language=dflt;!
Missing character: There is no 源 in font Monaco/OT:language=dflt;!
Missing character: There is no 點 in font Monaco/OT:language=dflt;!
Missing character: There is no 只 in font Monaco/OT:language=dflt;!
Missing character: There is no 走 in font Monaco/OT:language=dflt;!
Missing character: There is no 還 in font Monaco/OT:language=dflt;!
Missing character: There is no 有 in font Monaco/OT:language=dflt;!
Missing character: There is no 流 in font Monaco/OT:language=dflt;!
Missing character: There is no 量 in font Monaco/OT:language=dflt;!
Missing character: There is no 的 in font Monaco/OT:language=dflt;!
Missing character: There is no 邊 in font Monaco/OT:language=dflt;!
Missing character: There is no ， in font Monaco/OT:language=dflt;!
Missing character: There is no 紀 in font Monaco/OT:language=dflt;!
Missing character: There is no 錄 in font Monaco/OT:language=dflt;!
Missing character: There is no 每 in font Monaco/OT:language=dflt;!
Missing character: There is no 個 in font Monaco/OT:language=dflt;!
Missing character: There is no 點 in font Monaco/OT:language=dflt;!
Missing character: There is no 有 in font Monaco/OT:language=dflt;!
Missing character: There is no 沒 in font Monaco/OT:language=dflt;!
Missing character: There is no 有 in font Monaco/OT:language=dflt;!
Missing character: There is no 被 in font Monaco/OT:language=dflt;!
Missing character: There is no 走 in font Monaco/OT:language=dflt;!
Missing character: There is no 到 in font Monaco/OT:language=dflt;!
Missing character: There is no ， in font Monaco/OT:language=dflt;!
Missing character: There is no 左 in font Monaco/OT:language=dflt;!
Missing character: There is no 邊 in font Monaco/OT:language=dflt;!
Missing character: There is no 沒 in font Monaco/OT:language=dflt;!
Missing character: There is no 被 in font Monaco/OT:language=dflt;!
Missing character: There is no 走 in font Monaco/OT:language=dflt;!
Missing character: There is no 到 in font Monaco/OT:language=dflt;!
Missing character: There is no 的 in font Monaco/OT:language=dflt;!
Missing character: There is no 點 in font Monaco/OT:language=dflt;!
Missing character: There is no 跟 in font Monaco/OT:language=dflt;!
Missing character: There is no 右 in font Monaco/OT:language=dflt;!
Missing character: There is no 邊 in font Monaco/OT:language=dflt;!
Missing character: There is no 被 in font Monaco/OT:language=dflt;!
Missing character: There is no 走 in font Monaco/OT:language=dflt;!
Missing character: There is no 到 in font Monaco/OT:language=dflt;!
Missing character: There is no 的 in font Monaco/OT:language=dflt;!
Missing character: There is no 點 in font Monaco/OT:language=dflt;!
Missing character: There is no 就 in font Monaco/OT:language=dflt;!
Missing character: There is no 是 in font Monaco/OT:language=dflt;!
Missing character: There is no 答 in font Monaco/OT:language=dflt;!
Missing character: There is no 案 in font Monaco/OT:language=dflt;!


Package fancyhdr Warning: \footskip is too small (0.0pt): 
(fancyhdr)                Make it at least 3.60004pt, for example:
(fancyhdr)                \setlength{\footskip}{3.60004pt}.

[2]) (math/FFT.cpp) (math/ntt.cpp) (math/FWT.cpp) (math/PolyOp_new.cpp

Package fancyhdr Warning: \footskip is too small (0.0pt): 
(fancyhdr)                Make it at least 3.60004pt, for example:
(fancyhdr)                \setlength{\footskip}{3.60004pt}.

[3]
Missing character: There is no 加 in font Monaco/OT:language=dflt;!
Missing character: There is no 分 in font Monaco/OT:language=dflt;!
Missing character: There is no 卷 in font Monaco/OT:language=dflt;!
Missing character: There is no 積 in font Monaco/OT:language=dflt;!
Missing character: There is no 減 in font Monaco/OT:language=dflt;!
Missing character: There is no 法 in font Monaco/OT:language=dflt;!
Missing character: There is no 卷 in font Monaco/OT:language=dflt;!
Missing character: There is no 積 in font Monaco/OT:language=dflt;!
Missing character: There is no 轉 in font Monaco/OT:language=dflt;!
Missing character: There is no 換 in font Monaco/OT:language=dflt;!
Missing character: There is no 成 in font Monaco/OT:language=dflt;!
Missing character: There is no 加 in font Monaco/OT:language=dflt;!
Missing character: There is no 法 in font Monaco/OT:language=dflt;!
Missing character: There is no 捲 in font Monaco/OT:language=dflt;!
Missing character: There is no 積 in font Monaco/OT:language=dflt;!

Underfull \vbox (badness 10000) has occurred while \output is active []

)
(math/O(1)mul.cpp) (math/linearRecurrence.cpp
Missing character: There is no 前 in font Monaco/OT:language=dflt;!
Missing character: There is no 項 in font Monaco/OT:language=dflt;!
Missing character: There is no 的 in font Monaco/OT:language=dflt;!
Missing character: There is no 值 in font Monaco/OT:language=dflt;!
Missing character: There is no 遞 in font Monaco/OT:language=dflt;!
Missing character: There is no 迴 in font Monaco/OT:language=dflt;!
Missing character: There is no 系 in font Monaco/OT:language=dflt;!
Missing character: There is no 數 in font Monaco/OT:language=dflt;!
Missing character: There is no 求 in font Monaco/OT:language=dflt;!
Missing character: There is no 第 in font Monaco/OT:language=dflt;!
Missing character: There is no 項 in font Monaco/OT:language=dflt;!
) (math/Miller_Rabin.cpp
Missing character: There is no − in font Monaco/OT:language=dflt;!
)

Package fancyhdr Warning: \footskip is too small (0.0pt): 
(fancyhdr)                Make it at least 3.60004pt, for example:
(fancyhdr)                \setlength{\footskip}{3.60004pt}.

[4]
LaTeX Font Info:    Trying to load font information for U+msa on input line 191
.
 (C:\Users\roony\AppData\Local\Programs\MiKTeX_1\tex/latex/amsfonts\umsa.fd
File: umsa.fd 2013/01/14 v3.01 AMS symbols A
)
LaTeX Font Info:    Trying to load font information for U+msb on input line 191
.
(C:\Users\roony\AppData\Local\Programs\MiKTeX_1\tex/latex/amsfonts\umsb.fd
File: umsb.fd 2013/01/14 v3.01 AMS symbols B
)
! Font TU/NotoSansCJKTC(0)/m/n/6="Noto Sans CJK TC/OT" at 6.0pt not loadable: M
etric (TFM) file or installed font not found.
<to be read again> 
                   relax 
l.191 ...n{Faulhaber ($\sum\limits_{i=1}^{n}i^p$)}
                                                  
I wasn't able to read the size data for this font,
so I will ignore the font specification.
[Wizards can fix TFM files using TFtoPL/PLtoTF.]
You might try inserting a different font spec;
e.g., type `I\font<same font id>=<substitute font name>'.

(math/Faulhaber.cpp) (math/chineseRemainder.cpp) (math/pollardRho.cpp)
(math/Josephus.cpp
Missing character: There is no 人 in font Monaco/OT:language=dflt;!
Missing character: There is no 每 in font Monaco/OT:language=dflt;!
Missing character: There is no 次 in font Monaco/OT:language=dflt;!
) (math/gauss.cpp) (math/ax+by=gcd.cpp)
(math/DiscreteSqrt.cpp

Package fancyhdr Warning: \footskip is too small (0.0pt): 
(fancyhdr)                Make it at least 3.60004pt, for example:
(fancyhdr)                \setlength{\footskip}{3.60004pt}.

[5]) (math/prefixInv.cpp)
! Font TU/NotoSansCJKTC(0)/b/n/12="Noto Sans CJK TC/OT" at 12.0pt not loadable:
 Metric (TFM) file or installed font not found.
<to be read again> 
                   relax 
l.230 \subsection{Roots of Polynomial 找多項式的根}
                                             
I wasn't able to read the size data for this font,
so I will ignore the font specification.
[Wizards can fix TFM files using TFtoPL/PLtoTF.]
You might try inserting a different font spec;
e.g., type `I\font<same font id>=<substitute font name>'.

Missing character: There is no 找 in font Consolas Bold/OT:script=latn;language=
dflt;mapping=tex-text;!
Missing character: There is no 多 in font Consolas Bold/OT:script=latn;language=
dflt;mapping=tex-text;!
Missing character: There is no 項 in font Consolas Bold/OT:script=latn;language=
dflt;mapping=tex-text;!
Missing character: There is no 式 in font Consolas Bold/OT:script=latn;language=
dflt;mapping=tex-text;!
Missing character: There is no 的 in font Consolas Bold/OT:script=latn;language=
dflt;mapping=tex-text;!
Missing character: There is no 根 in font Consolas Bold/OT:script=latn;language=
dflt;mapping=tex-text;!
(math/rootsOfPolynomial.cpp) (math/primes.cpp) (math/theorem.tex
! Font TU/NotoSansCJKTC(0)/m/n/7="Noto Sans CJK TC/OT" at 7.0pt not loadable: M
etric (TFM) file or installed font not found.
<to be read again> 
                   relax 
l.2 \item Lucas’
                 Theorem :\\
I wasn't able to read the size data for this font,
so I will ignore the font specification.
[Wizards can fix TFM files using TFtoPL/PLtoTF.]
You might try inserting a different font spec;
e.g., type `I\font<same font id>=<substitute font name>'.

! Font TU/NotoSansCJKTC(0)/m/n/5="Noto Sans CJK TC/OT" at 5.0pt not loadable: M
etric (TFM) file or installed font not found.
<to be read again> 
                   relax 
l.3   For $n
            , m \in \mathbb{Z}^{*}$ and prime $P$,
I wasn't able to read the size data for this font,
so I will ignore the font specification.
[Wizards can fix TFM files using TFtoPL/PLtoTF.]
You might try inserting a different font spec;
e.g., type `I\font<same font id>=<substitute font name>'.


Package amsmath Warning: Foreign command \atopwithdelims;
(amsmath)                \frac or \genfrac should be used instead
(amsmath)                 on input line 13.

Missing character: There is no 其 in font Consolas/OT:script=latn;language=dflt;
mapping=tex-text;!
Missing character: There is no 面 in font Consolas/OT:script=latn;language=dflt;
mapping=tex-text;!
Missing character: There is no 積 in font Consolas/OT:script=latn;language=dflt;
mapping=tex-text;!
Missing character: There is no 和 in font Consolas/OT:script=latn;language=dflt;
mapping=tex-text;!
Missing character: There is no 內 in font Consolas/OT:script=latn;language=dflt;
mapping=tex-text;!
Missing character: There is no 部 in font Consolas/OT:script=latn;language=dflt;
mapping=tex-text;!
Missing character: There is no 格 in font Consolas/OT:script=latn;language=dflt;
mapping=tex-text;!
Missing character: There is no 點 in font Consolas/OT:script=latn;language=dflt;
mapping=tex-text;!
Missing character: There is no 數 in font Consolas/OT:script=latn;language=dflt;
mapping=tex-text;!
Missing character: There is no 目 in font Consolas/OT:script=latn;language=dflt;
mapping=tex-text;!
Missing character: There is no 、 in font Consolas/OT:script=latn;language=dflt;
mapping=tex-text;!
Missing character: There is no 邊 in font Consolas/OT:script=latn;language=dflt;
mapping=tex-text;!
Missing character: There is no 上 in font Consolas/OT:script=latn;language=dflt;
mapping=tex-text;!
Missing character: There is no 格 in font Consolas/OT:script=latn;language=dflt;
mapping=tex-text;!
Missing character: There is no 點 in font Consolas/OT:script=latn;language=dflt;
mapping=tex-text;!
Missing character: There is no 數 in font Consolas/OT:script=latn;language=dflt;
mapping=tex-text;!
Missing character: There is no 目 in font Consolas/OT:script=latn;language=dflt;
mapping=tex-text;!
Missing character: There is no 的 in font Consolas/OT:script=latn;language=dflt;
mapping=tex-text;!
Missing character: There is no 關 in font Consolas/OT:script=latn;language=dflt;
mapping=tex-text;!
Missing character: There is no 係 in font Consolas/OT:script=latn;language=dflt;
mapping=tex-text;!
Missing character: There is no 為 in font Consolas/OT:script=latn;language=dflt;
mapping=tex-text;!
Missing character: There is no 方 in font Consolas/OT:script=latn;language=dflt;
mapping=tex-text;!
Missing character: There is no 法 in font Consolas/OT:script=latn;language=dflt;
mapping=tex-text;!
Missing character: There is no 數 in font Consolas/OT:script=latn;language=dflt;
mapping=tex-text;!
Missing character: There is no ， in font Consolas/OT:script=latn;language=dflt;
mapping=tex-text;!
Missing character: There is no 為 in font Consolas/OT:script=latn;language=dflt;
mapping=tex-text;!
Missing character: There is no 總 in font Consolas/OT:script=latn;language=dflt;
mapping=tex-text;!
Missing character: There is no 數 in font Consolas/OT:script=latn;language=dflt;
mapping=tex-text;!
Missing character: There is no 錯 in font Consolas/OT:script=latn;language=dflt;
mapping=tex-text;!
Missing character: There is no 排 in font Consolas/OT:script=latn;language=dflt;
mapping=tex-text;!
Missing character: There is no 公 in font Consolas/OT:script=latn;language=dflt;
mapping=tex-text;!
Missing character: There is no 式 in font Consolas/OT:script=latn;language=dflt;
mapping=tex-text;!
Missing character: There is no 個 in font Consolas/OT:script=latn;language=dflt;
mapping=tex-text;!
Missing character: There is no 人 in font Consolas/OT:script=latn;language=dflt;
mapping=tex-text;!
Missing character: There is no 中 in font Consolas/OT:script=latn;language=dflt;
mapping=tex-text;!
Missing character: There is no ， in font Consolas/OT:script=latn;language=dflt;
mapping=tex-text;!
Missing character: There is no 每 in font Consolas/OT:script=latn;language=dflt;
mapping=tex-text;!
Missing character: There is no 個 in font Consolas/OT:script=latn;language=dflt;
mapping=tex-text;!
Missing character: There is no 人 in font Consolas/OT:script=latn;language=dflt;
mapping=tex-text;!
Missing character: There is no 皆 in font Consolas/OT:script=latn;language=dflt;
mapping=tex-text;!
Missing character: There is no 不 in font Consolas/OT:script=latn;language=dflt;
mapping=tex-text;!
Missing character: There is no 再 in font Consolas/OT:script=latn;language=dflt;
mapping=tex-text;!
Missing character: There is no 原 in font Consolas/OT:script=latn;language=dflt;
mapping=tex-text;!
Missing character: There is no 來 in font Consolas/OT:script=latn;language=dflt;
mapping=tex-text;!
Missing character: There is no 位 in font Consolas/OT:script=latn;language=dflt;
mapping=tex-text;!
Missing character: There is no 置 in font Consolas/OT:script=latn;language=dflt;
mapping=tex-text;!
Missing character: There is no 的 in font Consolas/OT:script=latn;language=dflt;
mapping=tex-text;!
Missing character: There is no 組 in font Consolas/OT:script=latn;language=dflt;
mapping=tex-text;!
Missing character: There is no 合 in font Consolas/OT:script=latn;language=dflt;
mapping=tex-text;!
Missing character: There is no 數 in font Consolas/OT:script=latn;language=dflt;
mapping=tex-text;!
Missing character: There is no 數 in font Consolas/OT:script=latn;language=dflt;
mapping=tex-text;!
Missing character: There is no 有 in font Consolas/OT:script=latn;language=dflt;
mapping=tex-text;!
Missing character: There is no 個 in font Consolas/OT:script=latn;language=dflt;
mapping=tex-text;!
Missing character: There is no 人 in font Consolas/OT:script=latn;language=dflt;
mapping=tex-text;!
Missing character: There is no 把 in font Consolas/OT:script=latn;language=dflt;
mapping=tex-text;!
Missing character: There is no 他 in font Consolas/OT:script=latn;language=dflt;
mapping=tex-text;!
Missing character: There is no 們 in font Consolas/OT:script=latn;language=dflt;
mapping=tex-text;!
Missing character: There is no 拆 in font Consolas/OT:script=latn;language=dflt;
mapping=tex-text;!
Missing character: There is no 組 in font Consolas/OT:script=latn;language=dflt;
mapping=tex-text;!
Missing character: There is no 的 in font Consolas/OT:script=latn;language=dflt;
mapping=tex-text;!
Missing character: There is no 方 in font Consolas/OT:script=latn;language=dflt;
mapping=tex-text;!
Missing character: There is no 法 in font Consolas/OT:script=latn;language=dflt;
mapping=tex-text;!
Missing character: There is no 總 in font Consolas/OT:script=latn;language=dflt;
mapping=tex-text;!
Missing character: There is no 數 in font Consolas/OT:script=latn;language=dflt;
mapping=tex-text;!
) (geometry/definition.cpp

Package fancyhdr Warning: \footskip is too small (0.0pt): 
(fancyhdr)                Make it at least 3.60004pt, for example:
(fancyhdr)                \setlength{\footskip}{3.60004pt}.

[6]) (geometry/Intersection_of_two_lines.cpp)
(geometry/Half_plane_intersection.cpp) (geometry/convex_hull.cpp)
(geometry/Intersection_of_two_segments.cpp)
(geometry/Intersection_of_circle_and_segment.cpp

Package fancyhdr Warning: \footskip is too small (0.0pt): 
(fancyhdr)                Make it at least 3.60004pt, for example:
(fancyhdr)                \setlength{\footskip}{3.60004pt}.

[7]) (geometry/CircleCover.cpp
Missing character: There is no 填 in font Monaco/OT:language=dflt;!
Missing character: There is no 入 in font Monaco/OT:language=dflt;!
Missing character: There is no 圓 in font Monaco/OT:language=dflt;!
Missing character: There is no 數 in font Monaco/OT:language=dflt;!
Missing character: There is no 量 in font Monaco/OT:language=dflt;!
Missing character: There is no 圓 in font Monaco/OT:language=dflt;!
Missing character: There is no 陣 in font Monaco/OT:language=dflt;!
Missing character: There is no 列 in font Monaco/OT:language=dflt;!
) (geometry/ConvexHulltrick.cpp

Package fancyhdr Warning: \footskip is too small (0.0pt): 
(fancyhdr)                Make it at least 3.60004pt, for example:
(fancyhdr)                \setlength{\footskip}{3.60004pt}.

[8]) (geometry/Tangent_line_of_two_circles.cpp) (geometry/KD_Tree1.cpp)
(geometry/lowerConcaveHull2.cpp

Package fancyhdr Warning: \footskip is too small (0.0pt): 
(fancyhdr)                Make it at least 3.60004pt, for example:
(fancyhdr)                \setlength{\footskip}{3.60004pt}.

[9]) (geometry/mec.cpp) (geometry/minEnclosingBall.cpp)
(geometry/minDistonCuboid.cpp) (geometry/triangle.cpp
Missing character: There is no 内 in font Monaco/OT:language=dflt;!
Missing character: There is no 心 in font Monaco/OT:language=dflt;!
Missing character: There is no 外 in font Monaco/OT:language=dflt;!
Missing character: There is no 心 in font Monaco/OT:language=dflt;!


Package fancyhdr Warning: \footskip is too small (0.0pt): 
(fancyhdr)                Make it at least 3.60004pt, for example:
(fancyhdr)                \setlength{\footskip}{3.60004pt}.

[10]
Missing character: There is no 垂 in font Monaco/OT:language=dflt;!
Missing character: There is no 心 in font Monaco/OT:language=dflt;!
) (graph/DominatorTree.cpp
Missing character: There is no 到 in font Monaco/OT:language=dflt;!
Missing character: There is no 的 in font Monaco/OT:language=dflt;!
Missing character: There is no 最 in font Monaco/OT:language=dflt;!
Missing character: There is no 後 in font Monaco/OT:language=dflt;!
Missing character: There is no 一 in font Monaco/OT:language=dflt;!
Missing character: There is no 個 in font Monaco/OT:language=dflt;!
Missing character: There is no 必 in font Monaco/OT:language=dflt;!
Missing character: There is no 經 in font Monaco/OT:language=dflt;!
Missing character: There is no 點 in font Monaco/OT:language=dflt;!
)
Missing character: There is no 最 in font Consolas Bold/OT:script=latn;language=
dflt;mapping=tex-text;!
Missing character: There is no 大 in font Consolas Bold/OT:script=latn;language=
dflt;mapping=tex-text;!
Missing character: There is no 團 in font Consolas Bold/OT:script=latn;language=
dflt;mapping=tex-text;!
 (graph/MaximumClique.cpp)
Missing character: There is no 極 in font Consolas Bold/OT:script=latn;language=
dflt;mapping=tex-text;!
Missing character: There is no 大 in font Consolas Bold/OT:script=latn;language=
dflt;mapping=tex-text;!
Missing character: There is no 團 in font Consolas Bold/OT:script=latn;language=
dflt;mapping=tex-text;!

(graph/MaximalClique.cpp

Package fancyhdr Warning: \footskip is too small (0.0pt): 
(fancyhdr)                Make it at least 3.60004pt, for example:
(fancyhdr)                \setlength{\footskip}{3.60004pt}.

[11]) (graph/kosaraju.cpp) (graph/DynamicMST.cpp) (graph/generalMatching.cpp

Package fancyhdr Warning: \footskip is too small (0.0pt): 
(fancyhdr)                Make it at least 3.60004pt, for example:
(fancyhdr)                \setlength{\footskip}{3.60004pt}.

[12]) (graph/Minimum_General_Weighted_Matching.cpp)
(graph/MinimumSteinerTree.cpp
Missing character: There is no 重 in font Monaco/OT:language=dflt;!
Missing character: There is no 要 in font Monaco/OT:language=dflt;!
Missing character: There is no 點 in font Monaco/OT:language=dflt;!
Missing character: There is no 的 in font Monaco/OT:language=dflt;!


Package fancyhdr Warning: \footskip is too small (0.0pt): 
(fancyhdr)                Make it at least 3.60004pt, for example:
(fancyhdr)                \setlength{\footskip}{3.60004pt}.

[13]) (graph/bcc_vertex.cpp) (graph/MinMeanCycle.cpp)
(graph/DirectedGraphMinCycle.cpp

Package fancyhdr Warning: \footskip is too small (0.0pt): 
(fancyhdr)                Make it at least 3.60004pt, for example:
(fancyhdr)                \setlength{\footskip}{3.60004pt}.

[14]) (graph/KSP.cpp
Underfull \vbox (badness 10000) has occurred while \output is active []



Package fancyhdr Warning: \footskip is too small (0.0pt): 
(fancyhdr)                Make it at least 3.60004pt, for example:
(fancyhdr)                \setlength{\footskip}{3.60004pt}.

[15]) (graph/spfa.cpp)
Missing character: There is no 差 in font Consolas Bold/OT:script=latn;language=
dflt;mapping=tex-text;!
Missing character: There is no 分 in font Consolas Bold/OT:script=latn;language=
dflt;mapping=tex-text;!
Missing character: There is no 約 in font Consolas Bold/OT:script=latn;language=
dflt;mapping=tex-text;!
Missing character: There is no 束 in font Consolas Bold/OT:script=latn;language=
dflt;mapping=tex-text;!
 (graph/SystemOfDifferenceConstraints.tex
Missing character: There is no 約 in font Consolas/OT:script=latn;language=dflt;
mapping=tex-text;!
Missing character: There is no 束 in font Consolas/OT:script=latn;language=dflt;
mapping=tex-text;!
Missing character: There is no 條 in font Consolas/OT:script=latn;language=dflt;
mapping=tex-text;!
Missing character: There is no 件 in font Consolas/OT:script=latn;language=dflt;
mapping=tex-text;!
Missing character: There is no 建 in font Consolas/OT:script=latn;language=dflt;
mapping=tex-text;!
Missing character: There is no 邊 in font Consolas/OT:script=latn;language=dflt;
mapping=tex-text;!
Missing character: There is no 權 in font Consolas/OT:script=latn;language=dflt;
mapping=tex-text;!
Missing character: There is no 重 in font Consolas/OT:script=latn;language=dflt;
mapping=tex-text;!
Missing character: There is no 為 in font Consolas/OT:script=latn;language=dflt;
mapping=tex-text;!
)
(string/PalTree2.cpp
Missing character: There is no 是 in font Monaco/OT:language=dflt;!
Missing character: There is no 對 in font Monaco/OT:language=dflt;!
Missing character: There is no 應 in font Monaco/OT:language=dflt;!
Missing character: There is no 的 in font Monaco/OT:language=dflt;!
Missing character: There is no 回 in font Monaco/OT:language=dflt;!
Missing character: There is no 文 in font Monaco/OT:language=dflt;!
Missing character: There is no 長 in font Monaco/OT:language=dflt;!
Missing character: There is no 度 in font Monaco/OT:language=dflt;!
Missing character: There is no 是 in font Monaco/OT:language=dflt;!
Missing character: There is no 有 in font Monaco/OT:language=dflt;!
Missing character: There is no 幾 in font Monaco/OT:language=dflt;!
Missing character: There is no 個 in font Monaco/OT:language=dflt;!
Missing character: There is no 回 in font Monaco/OT:language=dflt;!
Missing character: There is no 文 in font Monaco/OT:language=dflt;!
Missing character: There is no 後 in font Monaco/OT:language=dflt;!
Missing character: There is no 綴 in font Monaco/OT:language=dflt;!
Missing character: There is no 是 in font Monaco/OT:language=dflt;!
Missing character: There is no 這 in font Monaco/OT:language=dflt;!
Missing character: There is no 個 in font Monaco/OT:language=dflt;!
Missing character: There is no 回 in font Monaco/OT:language=dflt;!
Missing character: There is no 文 in font Monaco/OT:language=dflt;!
Missing character: There is no 子 in font Monaco/OT:language=dflt;!
Missing character: There is no 字 in font Monaco/OT:language=dflt;!
Missing character: There is no 串 in font Monaco/OT:language=dflt;!
Missing character: There is no 在 in font Monaco/OT:language=dflt;!
Missing character: There is no 整 in font Monaco/OT:language=dflt;!
Missing character: There is no 個 in font Monaco/OT:language=dflt;!
Missing character: There is no 字 in font Monaco/OT:language=dflt;!
Missing character: There is no 串 in font Monaco/OT:language=dflt;!
Missing character: There is no 中 in font Monaco/OT:language=dflt;!
Missing character: There is no 的 in font Monaco/OT:language=dflt;!
Missing character: There is no 出 in font Monaco/OT:language=dflt;!
Missing character: There is no 現 in font Monaco/OT:language=dflt;!
Missing character: There is no 次 in font Monaco/OT:language=dflt;!
Missing character: There is no 數 in font Monaco/OT:language=dflt;!
Missing character: There is no 是 in font Monaco/OT:language=dflt;!
Missing character: There is no 他 in font Monaco/OT:language=dflt;!
Missing character: There is no 長 in font Monaco/OT:language=dflt;!
Missing character: There is no 度 in font Monaco/OT:language=dflt;!
Missing character: There is no 次 in font Monaco/OT:language=dflt;!
Missing character: There is no 長 in font Monaco/OT:language=dflt;!
Missing character: There is no 的 in font Monaco/OT:language=dflt;!
Missing character: There is no 回 in font Monaco/OT:language=dflt;!
Missing character: There is no 文 in font Monaco/OT:language=dflt;!
Missing character: There is no 後 in font Monaco/OT:language=dflt;!
Missing character: There is no 綴 in font Monaco/OT:language=dflt;!
Missing character: There is no ， in font Monaco/OT:language=dflt;!
Missing character: There is no 的 in font Monaco/OT:language=dflt;!
Missing character: There is no 是 in font Monaco/OT:language=dflt;!
) (string/KMP.cpp
Missing character: There is no 在 in font Monaco/OT:language=dflt;!
Missing character: There is no 結 in font Monaco/OT:language=dflt;!
Missing character: There is no 尾 in font Monaco/OT:language=dflt;!
Missing character: There is no 的 in font Monaco/OT:language=dflt;!
Missing character: There is no 情 in font Monaco/OT:language=dflt;!
Missing character: There is no 況 in font Monaco/OT:language=dflt;!
Missing character: There is no 下 in font Monaco/OT:language=dflt;!
Missing character: There is no ， in font Monaco/OT:language=dflt;!
Missing character: There is no 這 in font Monaco/OT:language=dflt;!
Missing character: There is no 個 in font Monaco/OT:language=dflt;!
Missing character: There is no 子 in font Monaco/OT:language=dflt;!
Missing character: There is no 字 in font Monaco/OT:language=dflt;!
Missing character: There is no 串 in font Monaco/OT:language=dflt;!
Missing character: There is no 可 in font Monaco/OT:language=dflt;!
Missing character: There is no 以 in font Monaco/OT:language=dflt;!
Missing character: There is no 由 in font Monaco/OT:language=dflt;!
Missing character: There is no 開 in font Monaco/OT:language=dflt;!
Missing character: There is no 頭 in font Monaco/OT:language=dflt;!
Missing character: There is no 長 in font Monaco/OT:language=dflt;!
Missing character: There is no 度 in font Monaco/OT:language=dflt;!
Missing character: There is no 為 in font Monaco/OT:language=dflt;!
Missing character: There is no 的 in font Monaco/OT:language=dflt;!
Missing character: There is no 部 in font Monaco/OT:language=dflt;!
Missing character: There is no 分 in font Monaco/OT:language=dflt;!
Missing character: There is no 重 in font Monaco/OT:language=dflt;!
Missing character: There is no 複 in font Monaco/OT:language=dflt;!
Missing character: There is no 出 in font Monaco/OT:language=dflt;!
Missing character: There is no 現 in font Monaco/OT:language=dflt;!
Missing character: There is no 來 in font Monaco/OT:language=dflt;!
Missing character: There is no 表 in font Monaco/OT:language=dflt;!
Missing character: There is no 達 in font Monaco/OT:language=dflt;!
Missing character: There is no 為 in font Monaco/OT:language=dflt;!
Missing character: There is no 次 in font Monaco/OT:language=dflt;!
Missing character: There is no 長 in font Monaco/OT:language=dflt;!
Missing character: There is no 相 in font Monaco/OT:language=dflt;!
Missing character: There is no 同 in font Monaco/OT:language=dflt;!
Missing character: There is no 前 in font Monaco/OT:language=dflt;!
Missing character: There is no 綴 in font Monaco/OT:language=dflt;!
Missing character: There is no 後 in font Monaco/OT:language=dflt;!
Missing character: There is no 綴 in font Monaco/OT:language=dflt;!
Missing character: There is no 如 in font Monaco/OT:language=dflt;!
Missing character: There is no 果 in font Monaco/OT:language=dflt;!
Missing character: There is no 我 in font Monaco/OT:language=dflt;!
Missing character: There is no 們 in font Monaco/OT:language=dflt;!
Missing character: There is no 不 in font Monaco/OT:language=dflt;!
Missing character: There is no 只 in font Monaco/OT:language=dflt;!
Missing character: There is no 想 in font Monaco/OT:language=dflt;!
Missing character: There is no 求 in font Monaco/OT:language=dflt;!
Missing character: There is no 最 in font Monaco/OT:language=dflt;!
Missing character: There is no 多 in font Monaco/OT:language=dflt;!
Missing character: There is no ， in font Monaco/OT:language=dflt;!
Missing character: There is no 而 in font Monaco/OT:language=dflt;!
Missing character: There is no 且 in font Monaco/OT:language=dflt;!
Missing character: There is no 以 in font Monaco/OT:language=dflt;!
Missing character: There is no 做 in font Monaco/OT:language=dflt;!
Missing character: There is no 為 in font Monaco/OT:language=dflt;!
Missing character: There is no 考 in font Monaco/OT:language=dflt;!
Missing character: There is no 量 in font Monaco/OT:language=dflt;!
Missing character: There is no ， in font Monaco/OT:language=dflt;!
Missing character: There is no 那 in font Monaco/OT:language=dflt;!
Missing character: There is no 可 in font Monaco/OT:language=dflt;!
Missing character: There is no 能 in font Monaco/OT:language=dflt;!
Missing character: There is no 的 in font Monaco/OT:language=dflt;!
Missing character: There is no 長 in font Monaco/OT:language=dflt;!
Missing character: There is no 度 in font Monaco/OT:language=dflt;!
Missing character: There is no 由 in font Monaco/OT:language=dflt;!
Missing character: There is no 大 in font Monaco/OT:language=dflt;!
Missing character: There is no 到 in font Monaco/OT:language=dflt;!
Missing character: There is no 小 in font Monaco/OT:language=dflt;!
Missing character: There is no 會 in font Monaco/OT:language=dflt;!
Missing character: There is no 是 in font Monaco/OT:language=dflt;!
Missing character: There is no 、 in font Monaco/OT:language=dflt;!
Missing character: There is no 、 in font Monaco/OT:language=dflt;!
Missing character: There is no 直 in font Monaco/OT:language=dflt;!
Missing character: There is no 到 in font Monaco/OT:language=dflt;!
Missing character: There is no 有 in font Monaco/OT:language=dflt;!
Missing character: There is no 值 in font Monaco/OT:language=dflt;!
Missing character: There is no 為 in font Monaco/OT:language=dflt;!
Missing character: There is no 為 in font Monaco/OT:language=dflt;!
Missing character: There is no 止 in font Monaco/OT:language=dflt;!
) (string/SAIS.cpp

Package fancyhdr Warning: \footskip is too small (0.0pt): 
(fancyhdr)                Make it at least 3.60004pt, for example:
(fancyhdr)                \setlength{\footskip}{3.60004pt}.

[16]) (string/SAM.cpp) (string/Aho-Corasick.cpp

Package fancyhdr Warning: \footskip is too small (0.0pt): 
(fancyhdr)                Make it at least 3.60004pt, for example:
(fancyhdr)                \setlength{\footskip}{3.60004pt}.

[17]) (string/zvalue.cpp) (string/zvalue_palindrome.cpp)
(string/minRotation.cpp) (string/cyclicLCS.cpp) (dataStructure/seg_tree.cpp

Package fancyhdr Warning: \footskip is too small (0.0pt): 
(fancyhdr)                Make it at least 3.60004pt, for example:
(fancyhdr)                \setlength{\footskip}{3.60004pt}.

[18]) (dataStructure/treap_split_key&kth.cpp) (dataStructure/DisjointSet.cpp)
(dataStructure/extc_bt.cpp) (others/maxtan.cpp

Package fancyhdr Warning: \footskip is too small (0.0pt): 
(fancyhdr)                Make it at least 3.60004pt, for example:
(fancyhdr)                \setlength{\footskip}{3.60004pt}.

[19]) (others/exactCoverSet.cpp)

Package fancyhdr Warning: \footskip is too small (0.0pt): 
(fancyhdr)                Make it at least 3.60004pt, for example:
(fancyhdr)                \setlength{\footskip}{3.60004pt}.

[20

] (codebook20pages.aux)

LaTeX Font Warning: Some font shapes were not available, defaults substituted.

 ) 
Here is how much of TeX's memory you used:
 10952 strings out of 411335
 224595 string characters out of 2832308
 2222678 words of memory out of 3000000
 30998 multiletter control sequences out of 15000+600000
 410124 words of font info for 78 fonts, out of 8000000 for 9000
 1348 hyphenation exceptions out of 8191
 73i,12n,81p,257b,1645s stack positions out of 5000i,500n,10000p,200000b,80000s

Output written on codebook20pages.pdf (20 pages).
